Watching for file changes with StatReloader
Not Found: /api/accounts/profile/
[28/Apr/2026 18:01:40] "GET /api/accounts/profile/ HTTP/1.1" 404 28193
[28/Apr/2026 18:01:52] "GET /api/ HTTP/1.1" 200 420
Unauthorized: /auth/profile/
[28/Apr/2026 18:02:11] "GET /auth/profile/ HTTP/1.1" 401 58
[28/Apr/2026 18:02:22] "GET /api/subjects/ HTTP/1.1" 200 2
[28/Apr/2026 18:16:58] "OPTIONS /auth/google-login/ HTTP/1.1" 200 0
Unauthorized: /auth/google-login/
[28/Apr/2026 18:16:58] "POST /auth/google-login/ HTTP/1.1" 401 172
Unauthorized: /auth/google-login/
[28/Apr/2026 18:17:21] "POST /auth/google-login/ HTTP/1.1" 401 172
C:\Users\USER\Downloads\emby\backend\accounts\models.py changed, reloading.
Performing system checks...

System check identified no issues (0 silenced).
April 28, 2026 - 17:06:27
Django version 6.0.4, using settings 'backend.settings'
Starting development server at http://127.0.0.1:8000/
Quit the server with CTRL-BREAK.

WARNING: This is a development server. Do not use it in a production setting. Use a production WSGI or ASGI server instead.
For more information on production servers see: https://docs.djangoproject.com/en/6.0/howto/deployment/
Watching for file changes with StatReloader
C:\Users\USER\Downloads\emby\backend\accounts\serializers.py changed, reloading.
Performing system checks...

System check identified no issues (0 silenced).
April 28, 2026 - 18:26:11
Django version 6.0.4, using settings 'backend.settings'
Starting development server at http://127.0.0.1:8000/
Quit the server with CTRL-BREAK.

WARNING: This is a development server. Do not use it in a production setting. Use a production WSGI or ASGI server instead.
For more information on production servers see: https://docs.djangoproject.com/en/6.0/howto/deployment/
Watching for file changes with StatReloader
C:\Users\USER\Downloads\emby\backend\accounts\views.py changed, reloading.
Performing system checks...

System check identified no issues (0 silenced).
April 28, 2026 - 18:26:22
Django version 6.0.4, using settings 'backend.settings'
Starting development server at http://127.0.0.1:8000/
Quit the server with CTRL-BREAK.

WARNING: This is a development server. Do not use it in a production setting. Use a production WSGI or ASGI server instead.
For more information on production servers see: https://docs.djangoproject.com/en/6.0/howto/deployment/
Watching for file changes with StatReloader
C:\Users\USER\Downloads\emby\backend\accounts\urls.py changed, reloading.
Performing system checks...

System check identified no issues (0 silenced).
April 28, 2026 - 18:26:36
Django version 6.0.4, using settings 'backend.settings'
Starting development server at http://127.0.0.1:8000/
Quit the server with CTRL-BREAK.

WARNING: This is a development server. Do not use it in a production setting. Use a production WSGI or ASGI server instead.
For more information on production servers see: https://docs.djangoproject.com/en/6.0/howto/deployment/
Watching for file changes with StatReloader
C:\Users\USER\Downloads\emby\backend\accounts\admin.py changed, reloading.
Performing system checks...

System check identified no issues (0 silenced).
April 28, 2026 - 18:26:45
Django version 6.0.4, using settings 'backend.settings'
Starting development server at http://127.0.0.1:8000/
Quit the server with CTRL-BREAK.

WARNING: This is a development server. Do not use it in a production setting. Use a production WSGI or ASGI server instead.
For more information on production servers see: https://docs.djangoproject.com/en/6.0/howto/deployment/
Watching for file changes with StatReloader
C:\Users\USER\Downloads\emby\backend\accounts\models.py changed, reloading.
Performing system checks...

System check identified no issues (0 silenced).
April 28, 2026 - 18:26:54
Django version 6.0.4, using settings 'backend.settings'
Starting development server at http://127.0.0.1:8000/
Quit the server with CTRL-BREAK.

WARNING: This is a development server. Do not use it in a production setting. Use a production WSGI or ASGI server instead.
For more information on production servers see: https://docs.djangoproject.com/en/6.0/howto/deployment/
Watching for file changes with StatReloader
C:\Users\USER\Downloads\emby\backend\accounts\views.py changed, reloading.
Performing system checks...

System check identified no issues (0 silenced).
April 28, 2026 - 18:31:02
Django version 6.0.4, using settings 'backend.settings'
Starting development server at http://127.0.0.1:8000/
Quit the server with CTRL-BREAK.

WARNING: This is a development server. Do not use it in a production setting. Use a production WSGI or ASGI server instead.
For more information on production servers see: https://docs.djangoproject.com/en/6.0/howto/deployment/
Watching for file changes with StatReloader
C:\Users\USER\Downloads\emby\backend\accounts\urls.py changed, reloading.
Performing system checks...

System check identified no issues (0 silenced).
April 28, 2026 - 18:31:20
Django version 6.0.4, using settings 'backend.settings'
Starting development server at http://127.0.0.1:8000/
Quit the server with CTRL-BREAK.

WARNING: This is a development server. Do not use it in a production setting. Use a production WSGI or ASGI server instead.
For more information on production servers see: https://docs.djangoproject.com/en/6.0/howto/deployment/
Watching for file changes with StatReloader
C:\Users\USER\Downloads\emby\backend\curriculum\views.py changed, reloading.
Performing system checks...

System check identified no issues (0 silenced).
April 28, 2026 - 18:34:01
Django version 6.0.4, using settings 'backend.settings'
Starting development server at http://127.0.0.1:8000/
Quit the server with CTRL-BREAK.

WARNING: This is a development server. Do not use it in a production setting. Use a production WSGI or ASGI server instead.
For more information on production servers see: https://docs.djangoproject.com/en/6.0/howto/deployment/
Watching for file changes with StatReloader
Unauthorized: /auth/google-login/
[28/Apr/2026 18:49:38] "POST /auth/google-login/ HTTP/1.1" 401 172
Unauthorized: /auth/google-login/
[28/Apr/2026 19:39:30] "POST /auth/google-login/ HTTP/1.1" 401 172
C:\Users\USER\Downloads\emby\backend\accounts\views.py changed, reloading.
Performing system checks...

System check identified no issues (0 silenced).
April 28, 2026 - 18:40:45
Django version 6.0.4, using settings 'backend.settings'
Starting development server at http://127.0.0.1:8000/
Quit the server with CTRL-BREAK.

WARNING: This is a development server. Do not use it in a production setting. Use a production WSGI or ASGI server instead.
For more information on production servers see: https://docs.djangoproject.com/en/6.0/howto/deployment/
Watching for file changes with StatReloader
Unauthorized: /auth/google-login/
[28/Apr/2026 19:47:31] "POST /auth/google-login/ HTTP/1.1" 401 172
Unauthorized: /auth/google-login/
[28/Apr/2026 19:49:22] "POST /auth/google-login/ HTTP/1.1" 401 172
Unauthorized: /auth/google-login/
[28/Apr/2026 19:49:47] "POST /auth/google-login/ HTTP/1.1" 401 172
C:\Users\USER\Downloads\emby\backend\accounts\views.py changed, reloading.
Performing system checks...

System check identified no issues (0 silenced).
April 28, 2026 - 19:41:33
Django version 6.0.4, using settings 'backend.settings'
Starting development server at http://127.0.0.1:8000/
Quit the server with CTRL-BREAK.

WARNING: This is a development server. Do not use it in a production setting. Use a production WSGI or ASGI server instead.
For more information on production servers see: https://docs.djangoproject.com/en/6.0/howto/deployment/
Watching for file changes with StatReloader
